e本通 统计管理(改下代码，就可以运行了)/ZBETuch_SM/ZBETuch_SM/proguard.cfg
-optimizationpasses 5
-dontusemixedcaseclassnames
-dontskipnonpubliclibraryclasses
-dontpreverify
-verbose
-optimizations !code/simplification/arithmetic,!field/*,!class/merging/*

-keep public class * extends android.app.Activity
-keep public class * extends android.app.Application
-keep public class * extends android.app.Service
-keep public class * extends android.content.BroadcastReceiver
-keep public class * extends android.content.ContentProvider
-keep public class com.android.vending.licensing.ILicensingService

-keepclasseswithmembernames class * {
    native <methods>;
}

-keepclasseswithmembernames class * {
    public <init>(android.content.Context, android.util.AttributeSet);
}

-keepclasseswithmembernames class * {
    public <init>(android.content.Context, android.util.AttributeSet, int);
}

-keepclassmembers enum * {
    public static **[] values();
    public static ** valueOf(java.lang.String);
}

-keep class * implements android.os.Parcelable {
  public static final android.os.Parcelable$Creator *;
}

-libraryjars /src/android-support-v4.jar
-libraryjars /src/fastjson-1.0.4.jar
-libraryjars /src/core.jar




-keep class android.support.v4.** { *;}
-keep class com.google.zxing.** { *;}
-keep class com.alibaba.fastjson.** { *;}
-keep interface android.support.v4.app.** { *; }
-keep public class * extends android.support.v4.**
-keep public class * extends android.app.Fragment

##-dontwarn android.support.v4.** 