e本通 统计管理(改下代码，就可以运行了)/ZBETuch_SM/ZBETuch_SM/proguard/seeds.txt
com.fc.baobiao.views.QueryFirstActivity
com.fc.baobiao.views.QueryFirstActivity: QueryFirstActivity()
com.fc.company.views.CompanyQueryActivity
com.fc.company.views.CompanyQueryActivity: CompanyQueryActivity()
com.fc.download.views.FileDownloadActivity
com.fc.download.views.FileDownloadActivity: FileDownloadActivity()
com.fc.first.views.Add_MsgBoardDetileActivity
com.fc.first.views.Add_MsgBoardDetileActivity: Add_MsgBoardDetileActivity()
com.fc.first.views.Add_PendworkActivity
com.fc.first.views.Add_PendworkActivity: Add_PendworkActivity()
com.fc.first.views.FirstPageActivity
com.fc.first.views.FirstPageActivity: FirstPageActivity()
com.fc.first.views.GetNewsListActivity
com.fc.first.views.GetNewsListActivity: GetNewsListActivity()
com.fc.first.views.GroupsActivity
com.fc.first.views.GroupsActivity: GroupsActivity()
com.fc.first.views.LoadActivity
com.fc.first.views.LoadActivity: LoadActivity()
com.fc.first.views.LoginActivity
com.fc.first.views.LoginActivity: LoginActivity()
com.fc.first.views.MsgBoardDetitle_MoreActivity
com.fc.first.views.MsgBoardDetitle_MoreActivity: MsgBoardDetitle_MoreActivity()
com.fc.first.views.MsgboarddetitleActivity
com.fc.first.views.MsgboarddetitleActivity: MsgboarddetitleActivity()
com.fc.first.views.PendWorkActivity_
com.fc.first.views.PendWorkActivity_: PendWorkActivity_()
com.fc.first.views.TrendsActivity
com.fc.first.views.TrendsActivity: TrendsActivity()
com.fc.invite.views.InviteJobDetailActivity
com.fc.invite.views.InviteJobDetailActivity: InviteJobDetailActivity()
com.fc.invite.views.InviteJobListActivity
com.fc.invite.views.InviteJobListActivity: InviteJobListActivity()
com.fc.invite.views.ZaoPinQueryActivity
com.fc.invite.views.ZaoPinQueryActivity: ZaoPinQueryActivity()
com.fc.main.beans.MainPageAdapter
com.fc.main.beans.MyViewPage
com.fc.main.beans.My_ExpandableListView
com.fc.main.beans.My_ExpandableListView: My_ExpandableListView(android.content.Context,android.util.AttributeSet,int)
com.fc.main.beans.My_ExpandableListView: My_ExpandableListView(android.content.Context,android.util.AttributeSet)
com.fc.main.beans.PullDownExpandView
com.fc.main.beans.PullDownExpandView: PullDownExpandView(android.content.Context,android.util.AttributeSet)
com.fc.main.beans.PullDownExpandView: PullDownExpandView(android.content.Context)
com.fc.main.beans.PullDownView
com.fc.main.beans.PullDownView: PullDownView(android.content.Context,android.util.AttributeSet)
com.fc.main.beans.PullDownView: PullDownView(android.content.Context)
com.fc.main.beans.ScrollOverListView
com.fc.main.beans.ScrollOverListView: ScrollOverListView(android.content.Context,android.util.AttributeSet,int)
com.fc.main.beans.ScrollOverListView: ScrollOverListView(android.content.Context,android.util.AttributeSet)
com.fc.main.myviews.GetPersonActivity
com.fc.main.myviews.GetPersonActivity: GetPersonActivity()
com.fc.main.service.CompanyService
com.fc.main.service.CompanyService: CompanyService()
com.fc.main.service.MainService
com.fc.main.service.MainService: MainService()
com.fc.main.service.PersonService
com.fc.main.service.PersonService: PersonService()
com.fc.main.views.MainActivity
com.fc.main.views.MainActivity: MainActivity()
com.fc.main.views.MainPageActivity
com.fc.main.views.MainPageActivity: MainPageActivity()
com.fc.main.views.MainPageOne
com.fc.main.views.MainPageOne: MainPageOne()
com.fc.person.beans.CaptureActivityHandler$State: com.fc.person.beans.CaptureActivityHandler$State[] values()
com.fc.person.beans.CaptureActivityHandler$State: com.fc.person.beans.CaptureActivityHandler$State valueOf(java.lang.String)
com.fc.person.views.AddPersonInfoActivity
com.fc.person.views.AddPersonInfoActivity: AddPersonInfoActivity()
com.fc.person.views.AddPersonInfoActivity$MyReceiver
com.fc.person.views.CaptureActivity
com.fc.person.views.CaptureActivity: CaptureActivity()
com.fc.person.views.ERecordActivity
com.fc.person.views.ERecordActivity: ERecordActivity()