e本通 统计管理(改下代码，就可以运行了)/ZBETuch_SM/ZBETuch_SM/proguard/usage.txt
com.fc.person.beans.Intents$Scan
com.fc.person.beans.Intents$SearchBookContents
com.fc.person.beans.Intents$Share
com.fc.person.beans.Intents$WifiConnect
com.fc.person.beans.Layout4_listAdapter
com.fc.person.beans.PersonInfoList:
    24:33:public PersonInfoList(java.lang.String,java.lang.String,java.lang.String,java.lang.String,java.lang.String,java.lang.String,java.lang.String,java.lang.String)
    70:70:public java.lang.String getPersonlistCurrentStatus()
    76:76:public java.lang.String getPersonlistEducation()
com.fc.person.beans.PersonMark:
    18:24:public PersonMark(java.lang.String,java.lang.String,java.lang.String,java.lang.String,java.lang.String)
com.fc.person.beans.PersonResume:
    private java.lang.String personExpectedSalary
    53:77:public PersonResume(java.lang.String,java.lang.String,java.lang.String,java.lang.String,java.lang.String,java.lang.String,java.lang.String,java.lang.String,java.lang.String,java.lang.String,java.lang.String,java.lang.String,java.lang.String,java.lang.String,java.lang.String,java.lang.String,java.lang.String,java.lang.String,java.lang.String,java.lang.String,java.lang.String,java.lang.String,java.lang.String)
    81:81:public java.lang.String getPersonExpectedSalary()
    86:87:public void setPersonExpectedSalary(java.lang.String)
com.fc.person.beans.PersonTask:
    public static final int PERSONINFO_GETREGION
    public static final int PERSONINFO_GETSTREET
    public static final int PERSONINFO_GETJUWEIHUI
    public static final int FAMILY_GETFAMILY
    public static final int FAMILY_GETFAMILY_IMAGE
    public static final int FAMILY_GETHOUSES
    public static final int FAMILY_GETHOUSE_IMAGE
    public static final int PERSONQUERYLISTACTIVITY_GETPERSONS_BY_PARAMS
    public static final int PERSONQUERYLISTACTIVITY_GETPERSONS_BY_COMPANY
    public static final int PERSONQUERYLISTACTIVITY_GETPERSONS_BY_RESOURCES
    public static final int PERSONINFOMAINACTIVITY_GETPERSONBASE
    public static final int PERSONINFOMAINACTIVITY_GETPERSONIMG
    public static final int PERSONINFOMAINACTIVITY_GETPERSONLEVEL
    public static final int WORKINFOACTIVITY_GET_WORKINFOLIST
    public static final int MODIFYWORKINFOACTIVITY_GET_WORKINFOLIST
    public static final int MODIFYWORKINFOACTIVITY_UPDATE_WORKINFO
    78:79:public void setTaskId(int)
    84:85:public void setParams(java.util.Map)
com.fc.person.beans.PersonUpdataImg:
    14:17:public PersonUpdataImg(java.lang.String,byte[])
    19:19:public java.lang.String getPersonSfz()
    25:25:public byte[] getPersonheadImg()
com.fc.person.beans.PersonalBaseInformation:
    66:93:public PersonalBaseInformation(java.lang.String,java.lang.String,java.lang.String,java.lang.String,java.lang.String,byte[],java.lang.String,java.lang.String,java.lang.String,java.lang.String,java.lang.String,java.lang.String,java.lang.String,java.lang.String,com.fc.first.beans.Center,java.lang.String,java.lang.String,java.lang.String,java.lang.String,java.lang.String,java.lang.String,java.lang.String,java.lang.String,java.lang.String,java.lang.String,java.lang.String)
    229:229:public byte[] getPersonHead()
    233:234:public void setPersonHead(byte[])
    269:269:public java.lang.String getPersonCurrentAddress()
    273:274:public void setPersonCurrentAddress(java.lang.String)
    277:277:public java.lang.String getPersonStreet()
    285:285:public java.lang.String getPersonjuweihui()
    309:309:public java.lang.String getPersonLevelmsg()
com.fc.person.beans.PersonalInformation
com.fc.person.beans.PersonqueryAdapter:
    27:27:public java.util.ArrayList getPersoninfo_list()
    31:32:public void setPersoninfo_list(java.util.ArrayList)
    109:112:private int getbackground(int)
    123:124:public void addPersonItem(java.util.ArrayList)
com.fc.person.beans.PersonqueryAdapter$QueryItemHodler:
    android.widget.TextView tv_personqueryEdu
    android.widget.TextView tv_personNational
    android.widget.TextView tv_currentStatus
com.fc.person.beans.PersonqueryItem